1689703804.341801 client started (20299): version 3.3a, socket /private/tmp/tmux-501/default, protocol 8
1689703804.341946 on Darwin 22.1.0 Darwin Kernel Version 22.1.0: Sun Oct  9 20:15:09 PDT 2022; root:xnu-8792.41.9~2/RELEASE_ARM64_T6000
1689703804.342597 using libevent 2.1.12-stable (select); utf8proc 2.8.0; ncurses 6.4
1689703804.342653 flags are 0x10010000
1689703804.342669 socket is /private/tmp/tmux-501/default
1689703804.342694 trying connect
1689703804.342975 add peer 0x128008000: 6 (0x0)
1689703804.347270 sending message 100 to peer 0x128008000 (4 bytes)
1689703804.347304 sending message 111 to peer 0x128008000 (8 bytes)
1689703804.347312 sending message 101 to peer 0x128008000 (14 bytes)
1689703804.347319 sending message 109 to peer 0x128008000 (4 bytes)
1689703804.347325 sending message 102 to peer 0x128008000 (13 bytes)
1689703804.347332 sending message 108 to peer 0x128008000 (30 bytes)
1689703804.347338 sending message 112 to peer 0x128008000 (70 bytes)
1689703804.347344 sending message 112 to peer 0x128008000 (5 bytes)
1689703804.347367 sending message 112 to peer 0x128008000 (5 bytes)
1689703804.347374 sending message 112 to peer 0x128008000 (6 bytes)
1689703804.347380 sending message 112 to peer 0x128008000 (6 bytes)
1689703804.347386 sending message 112 to peer 0x128008000 (11 bytes)
1689703804.347391 sending message 112 to peer 0x128008000 (10 bytes)
1689703804.347396 sending message 112 to peer 0x128008000 (13 bytes)
1689703804.347401 sending message 112 to peer 0x128008000 (13 bytes)
1689703804.347406 sending message 112 to peer 0x128008000 (18 bytes)
1689703804.347411 sending message 112 to peer 0x128008000 (11 bytes)
1689703804.347416 sending message 112 to peer 0x128008000 (10 bytes)
1689703804.347421 sending message 112 to peer 0x128008000 (15 bytes)
1689703804.347426 sending message 112 to peer 0x128008000 (21 bytes)
1689703804.347431 sending message 112 to peer 0x128008000 (13 bytes)
1689703804.347436 sending message 112 to peer 0x128008000 (7 bytes)
1689703804.347441 sending message 112 to peer 0x128008000 (13 bytes)
1689703804.347446 sending message 112 to peer 0x128008000 (7 bytes)
1689703804.347451 sending message 112 to peer 0x128008000 (13 bytes)
1689703804.347456 sending message 112 to peer 0x128008000 (9 bytes)
1689703804.347461 sending message 112 to peer 0x128008000 (21 bytes)
1689703804.347466 sending message 112 to peer 0x128008000 (13 bytes)
1689703804.347471 sending message 112 to peer 0x128008000 (8 bytes)
1689703804.347476 sending message 112 to peer 0x128008000 (12 bytes)
1689703804.347481 sending message 112 to peer 0x128008000 (13 bytes)
1689703804.347486 sending message 112 to peer 0x128008000 (9 bytes)
1689703804.347491 sending message 112 to peer 0x128008000 (9 bytes)
1689703804.347496 sending message 112 to peer 0x128008000 (12 bytes)
1689703804.347501 sending message 112 to peer 0x128008000 (8 bytes)
1689703804.347506 sending message 112 to peer 0x128008000 (8 bytes)
1689703804.347511 sending message 112 to peer 0x128008000 (7 bytes)
1689703804.347516 sending message 112 to peer 0x128008000 (7 bytes)
1689703804.347521 sending message 112 to peer 0x128008000 (9 bytes)
1689703804.347526 sending message 112 to peer 0x128008000 (13 bytes)
1689703804.347531 sending message 112 to peer 0x128008000 (6 bytes)
1689703804.347536 sending message 112 to peer 0x128008000 (9 bytes)
1689703804.347541 sending message 112 to peer 0x128008000 (15 bytes)
1689703804.347546 sending message 112 to peer 0x128008000 (13 bytes)
1689703804.347551 sending message 112 to peer 0x128008000 (12 bytes)
1689703804.347556 sending message 112 to peer 0x128008000 (8 bytes)
1689703804.347561 sending message 112 to peer 0x128008000 (14 bytes)
1689703804.347566 sending message 112 to peer 0x128008000 (11 bytes)
1689703804.347571 sending message 112 to peer 0x128008000 (9 bytes)
1689703804.347576 sending message 112 to peer 0x128008000 (10 bytes)
1689703804.347581 sending message 112 to peer 0x128008000 (10 bytes)
1689703804.347585 sending message 112 to peer 0x128008000 (10 bytes)
1689703804.347590 sending message 112 to peer 0x128008000 (10 bytes)
1689703804.347714 sending message 112 to peer 0x128008000 (11 bytes)
1689703804.347720 sending message 112 to peer 0x128008000 (12 bytes)
1689703804.347724 sending message 112 to peer 0x128008000 (12 bytes)
1689703804.347728 sending message 112 to peer 0x128008000 (12 bytes)
1689703804.347731 sending message 112 to peer 0x128008000 (12 bytes)
1689703804.347735 sending message 112 to peer 0x128008000 (12 bytes)
1689703804.347739 sending message 112 to peer 0x128008000 (11 bytes)
1689703804.347742 sending message 112 to peer 0x128008000 (11 bytes)
1689703804.347746 sending message 112 to peer 0x128008000 (12 bytes)
1689703804.347749 sending message 112 to peer 0x128008000 (12 bytes)
1689703804.347753 sending message 112 to peer 0x128008000 (12 bytes)
1689703804.347756 sending message 112 to peer 0x128008000 (12 bytes)
1689703804.347760 sending message 112 to peer 0x128008000 (12 bytes)
1689703804.347763 sending message 112 to peer 0x128008000 (10 bytes)
1689703804.347767 sending message 112 to peer 0x128008000 (12 bytes)
1689703804.347770 sending message 112 to peer 0x128008000 (13 bytes)
1689703804.347773 sending message 112 to peer 0x128008000 (13 bytes)
1689703804.347777 sending message 112 to peer 0x128008000 (13 bytes)
1689703804.347780 sending message 112 to peer 0x128008000 (13 bytes)
1689703804.347784 sending message 112 to peer 0x128008000 (13 bytes)
1689703804.347787 sending message 112 to peer 0x128008000 (8 bytes)
1689703804.347791 sending message 112 to peer 0x128008000 (11 bytes)
1689703804.347794 sending message 112 to peer 0x128008000 (11 bytes)
1689703804.347798 sending message 112 to peer 0x128008000 (11 bytes)
1689703804.347801 sending message 112 to peer 0x128008000 (12 bytes)
1689703804.347805 sending message 112 to peer 0x128008000 (12 bytes)
1689703804.347808 sending message 112 to peer 0x128008000 (12 bytes)
1689703804.347812 sending message 112 to peer 0x128008000 (12 bytes)
1689703804.347816 sending message 112 to peer 0x128008000 (13 bytes)
1689703804.347819 sending message 112 to peer 0x128008000 (13 bytes)
1689703804.347823 sending message 112 to peer 0x128008000 (13 bytes)
1689703804.347827 sending message 112 to peer 0x128008000 (8 bytes)
1689703804.347830 sending message 112 to peer 0x128008000 (13 bytes)
1689703804.347834 sending message 112 to peer 0x128008000 (13 bytes)
1689703804.347837 sending message 112 to peer 0x128008000 (13 bytes)
1689703804.347840 sending message 112 to peer 0x128008000 (13 bytes)
1689703804.347844 sending message 112 to peer 0x128008000 (13 bytes)
1689703804.347847 sending message 112 to peer 0x128008000 (12 bytes)
1689703804.347851 sending message 112 to peer 0x128008000 (12 bytes)
1689703804.347854 sending message 112 to peer 0x128008000 (12 bytes)
1689703804.347858 sending message 112 to peer 0x128008000 (12 bytes)
1689703804.347861 sending message 112 to peer 0x128008000 (13 bytes)
1689703804.347865 sending message 112 to peer 0x128008000 (8 bytes)
1689703804.347868 sending message 112 to peer 0x128008000 (13 bytes)
1689703804.347872 sending message 112 to peer 0x128008000 (13 bytes)
1689703804.347875 sending message 112 to peer 0x128008000 (13 bytes)
1689703804.347879 sending message 112 to peer 0x128008000 (13 bytes)
1689703804.347882 sending message 112 to peer 0x128008000 (13 bytes)
1689703804.347885 sending message 112 to peer 0x128008000 (13 bytes)
1689703804.347889 sending message 112 to peer 0x128008000 (13 bytes)
1689703804.347892 sending message 112 to peer 0x128008000 (12 bytes)
1689703804.347896 sending message 112 to peer 0x128008000 (12 bytes)
1689703804.347899 sending message 112 to peer 0x128008000 (12 bytes)
1689703804.347903 sending message 112 to peer 0x128008000 (8 bytes)
1689703804.347906 sending message 112 to peer 0x128008000 (12 bytes)
1689703804.347910 sending message 112 to peer 0x128008000 (13 bytes)
1689703804.347913 sending message 112 to peer 0x128008000 (13 bytes)
1689703804.347917 sending message 112 to peer 0x128008000 (13 bytes)
1689703804.347920 sending message 112 to peer 0x128008000 (13 bytes)
1689703804.347931 sending message 112 to peer 0x128008000 (13 bytes)
1689703804.347935 sending message 112 to peer 0x128008000 (13 bytes)
1689703804.347939 sending message 112 to peer 0x128008000 (13 bytes)
1689703804.347942 sending message 112 to peer 0x128008000 (13 bytes)
1689703804.347946 sending message 112 to peer 0x128008000 (12 bytes)
1689703804.347949 sending message 112 to peer 0x128008000 (10 bytes)
1689703804.347953 sending message 112 to peer 0x128008000 (12 bytes)
1689703804.347956 sending message 112 to peer 0x128008000 (12 bytes)
1689703804.347960 sending message 112 to peer 0x128008000 (12 bytes)
1689703804.347963 sending message 112 to peer 0x128008000 (13 bytes)
1689703804.347967 sending message 112 to peer 0x128008000 (13 bytes)
1689703804.347970 sending message 112 to peer 0x128008000 (13 bytes)
1689703804.347974 sending message 112 to peer 0x128008000 (13 bytes)
1689703804.347977 sending message 112 to peer 0x128008000 (13 bytes)
1689703804.347980 sending message 112 to peer 0x128008000 (13 bytes)
1689703804.347984 sending message 112 to peer 0x128008000 (13 bytes)
1689703804.347988 sending message 112 to peer 0x128008000 (10 bytes)
1689703804.347991 sending message 112 to peer 0x128008000 (13 bytes)
1689703804.347995 sending message 112 to peer 0x128008000 (12 bytes)
1689703804.347998 sending message 112 to peer 0x128008000 (12 bytes)
1689703804.348002 sending message 112 to peer 0x128008000 (12 bytes)
1689703804.348005 sending message 112 to peer 0x128008000 (10 bytes)
1689703804.348009 sending message 112 to peer 0x128008000 (10 bytes)
1689703804.348012 sending message 112 to peer 0x128008000 (10 bytes)
1689703804.348016 sending message 112 to peer 0x128008000 (12 bytes)
1689703804.348019 sending message 112 to peer 0x128008000 (13 bytes)
1689703804.348023 sending message 112 to peer 0x128008000 (13 bytes)
1689703804.348027 sending message 112 to peer 0x128008000 (13 bytes)
1689703804.348030 sending message 112 to peer 0x128008000 (13 bytes)
1689703804.348034 sending message 112 to peer 0x128008000 (13 bytes)
1689703804.348037 sending message 112 to peer 0x128008000 (11 bytes)
1689703804.348040 sending message 112 to peer 0x128008000 (11 bytes)
1689703804.348044 sending message 112 to peer 0x128008000 (12 bytes)
1689703804.348047 sending message 112 to peer 0x128008000 (12 bytes)
1689703804.348051 sending message 112 to peer 0x128008000 (12 bytes)
1689703804.348054 sending message 112 to peer 0x128008000 (12 bytes)
1689703804.348058 sending message 112 to peer 0x128008000 (12 bytes)
1689703804.348061 sending message 112 to peer 0x128008000 (11 bytes)
1689703804.348065 sending message 112 to peer 0x128008000 (12 bytes)
1689703804.348068 sending message 112 to peer 0x128008000 (12 bytes)
1689703804.348072 sending message 112 to peer 0x128008000 (13 bytes)
1689703804.348075 sending message 112 to peer 0x128008000 (13 bytes)
1689703804.348079 sending message 112 to peer 0x128008000 (13 bytes)
1689703804.348082 sending message 112 to peer 0x128008000 (13 bytes)
1689703804.348086 sending message 112 to peer 0x128008000 (13 bytes)
1689703804.348089 sending message 112 to peer 0x128008000 (10 bytes)
1689703804.348093 sending message 112 to peer 0x128008000 (9 bytes)
1689703804.348096 sending message 112 to peer 0x128008000 (12 bytes)
1689703804.348100 sending message 112 to peer 0x128008000 (13 bytes)
1689703804.348103 sending message 112 to peer 0x128008000 (13 bytes)
1689703804.348107 sending message 112 to peer 0x128008000 (13 bytes)
1689703804.348111 sending message 112 to peer 0x128008000 (13 bytes)
1689703804.348114 sending message 112 to peer 0x128008000 (13 bytes)
1689703804.348121 sending message 112 to peer 0x128008000 (9 bytes)
1689703804.348125 sending message 112 to peer 0x128008000 (12 bytes)
1689703804.348128 sending message 112 to peer 0x128008000 (13 bytes)
1689703804.348132 sending message 112 to peer 0x128008000 (13 bytes)
1689703804.348135 sending message 112 to peer 0x128008000 (13 bytes)
1689703804.348139 sending message 112 to peer 0x128008000 (13 bytes)
1689703804.348142 sending message 112 to peer 0x128008000 (13 bytes)
1689703804.348151 sending message 112 to peer 0x128008000 (11 bytes)
1689703804.348155 sending message 112 to peer 0x128008000 (12 bytes)
1689703804.348158 sending message 112 to peer 0x128008000 (13 bytes)
1689703804.348162 sending message 112 to peer 0x128008000 (13 bytes)
1689703804.348165 sending message 112 to peer 0x128008000 (13 bytes)
1689703804.348169 sending message 112 to peer 0x128008000 (13 bytes)
1689703804.348173 sending message 112 to peer 0x128008000 (13 bytes)
1689703804.348176 sending message 112 to peer 0x128008000 (11 bytes)
1689703804.348180 sending message 112 to peer 0x128008000 (12 bytes)
1689703804.348184 sending message 112 to peer 0x128008000 (12 bytes)
1689703804.348187 sending message 112 to peer 0x128008000 (12 bytes)
1689703804.348191 sending message 112 to peer 0x128008000 (12 bytes)
1689703804.348194 sending message 112 to peer 0x128008000 (12 bytes)
1689703804.348198 sending message 112 to peer 0x128008000 (21 bytes)
1689703804.348201 sending message 112 to peer 0x128008000 (12 bytes)
1689703804.348205 sending message 112 to peer 0x128008000 (9 bytes)
1689703804.348209 sending message 112 to peer 0x128008000 (6 bytes)
1689703804.348213 sending message 112 to peer 0x128008000 (8 bytes)
1689703804.348216 sending message 112 to peer 0x128008000 (15 bytes)
1689703804.348220 sending message 112 to peer 0x128008000 (13 bytes)
1689703804.348223 sending message 112 to peer 0x128008000 (9 bytes)
1689703804.348227 sending message 112 to peer 0x128008000 (70 bytes)
1689703804.348231 sending message 112 to peer 0x128008000 (69 bytes)
1689703804.348234 sending message 112 to peer 0x128008000 (10 bytes)
1689703804.348238 sending message 112 to peer 0x128008000 (10 bytes)
1689703804.348242 sending message 112 to peer 0x128008000 (8 bytes)
1689703804.348245 sending message 112 to peer 0x128008000 (15 bytes)
1689703804.348248 sending message 112 to peer 0x128008000 (13 bytes)
1689703804.348267 sending message 112 to peer 0x128008000 (10 bytes)
1689703804.348271 sending message 112 to peer 0x128008000 (10 bytes)
1689703804.348274 sending message 112 to peer 0x128008000 (17 bytes)
1689703804.348278 sending message 112 to peer 0x128008000 (10 bytes)
1689703804.348281 sending message 112 to peer 0x128008000 (13 bytes)
1689703804.348285 sending message 112 to peer 0x128008000 (9 bytes)
1689703804.348289 sending message 112 to peer 0x128008000 (5 bytes)
1689703804.348293 sending message 112 to peer 0x128008000 (15 bytes)
1689703804.348328 sending message 112 to peer 0x128008000 (5 bytes)
1689703804.348338 sending message 104 to peer 0x128008000 (0 bytes)
1689703804.348347 sending message 110 to peer 0x128008000 (0 bytes)
1689703804.348351 sending message 107 to peer 0x128008000 (4 bytes)
1689703804.348356 sending message 105 to peer 0x128008000 (83 bytes)
1689703804.348363 sending message 105 to peer 0x128008000 (87 bytes)
1689703804.348367 sending message 105 to peer 0x128008000 (31 bytes)
1689703804.348373 sending message 105 to peer 0x128008000 (20 bytes)
1689703804.348377 sending message 105 to peer 0x128008000 (22 bytes)
1689703804.348381 sending message 105 to peer 0x128008000 (22 bytes)
1689703804.348385 sending message 105 to peer 0x128008000 (78 bytes)
1689703804.348390 sending message 105 to peer 0x128008000 (37 bytes)
1689703804.348394 sending message 105 to peer 0x128008000 (30 bytes)
1689703804.348398 sending message 105 to peer 0x128008000 (34 bytes)
1689703804.348402 sending message 105 to peer 0x128008000 (35 bytes)
1689703804.348405 sending message 105 to peer 0x128008000 (15 bytes)
1689703804.348409 sending message 105 to peer 0x128008000 (18 bytes)
1689703804.348412 sending message 105 to peer 0x128008000 (34 bytes)
1689703804.348416 sending message 105 to peer 0x128008000 (37 bytes)
1689703804.348420 sending message 105 to peer 0x128008000 (425 bytes)
1689703804.348431 sending message 105 to peer 0x128008000 (34 bytes)
1689703804.348435 sending message 105 to peer 0x128008000 (15 bytes)
1689703804.348439 sending message 105 to peer 0x128008000 (8 bytes)
1689703804.348457 sending message 105 to peer 0x128008000 (66 bytes)
1689703804.348461 sending message 105 to peer 0x128008000 (19 bytes)
1689703804.348465 sending message 105 to peer 0x128008000 (18 bytes)
1689703804.348468 sending message 105 to peer 0x128008000 (26 bytes)
1689703804.348472 sending message 105 to peer 0x128008000 (57 bytes)
1689703804.348478 sending message 105 to peer 0x128008000 (43 bytes)
1689703804.348481 sending message 105 to peer 0x128008000 (13 bytes)
1689703804.348485 sending message 105 to peer 0x128008000 (64 bytes)
1689703804.348489 sending message 105 to peer 0x128008000 (15 bytes)
1689703804.348492 sending message 105 to peer 0x128008000 (14 bytes)
1689703804.348496 sending message 105 to peer 0x128008000 (19 bytes)
1689703804.348499 sending message 105 to peer 0x128008000 (35 bytes)
1689703804.348503 sending message 105 to peer 0x128008000 (38 bytes)
1689703804.348507 sending message 105 to peer 0x128008000 (12 bytes)
1689703804.348510 sending message 105 to peer 0x128008000 (22 bytes)
1689703804.348514 sending message 105 to peer 0x128008000 (32 bytes)
1689703804.348517 sending message 105 to peer 0x128008000 (11 bytes)
1689703804.348521 sending message 105 to peer 0x128008000 (8 bytes)
1689703804.348525 sending message 105 to peer 0x128008000 (32 bytes)
1689703804.348529 sending message 105 to peer 0x128008000 (96 bytes)
1689703804.348533 sending message 105 to peer 0x128008000 (10 bytes)
1689703804.348538 sending message 105 to peer 0x128008000 (26 bytes)
1689703804.348542 sending message 105 to peer 0x128008000 (25 bytes)
1689703804.348547 sending message 106 to peer 0x128008000 (0 bytes)
1689703804.348616 sending message 200 to peer 0x128008000 (4 bytes)
1689703804.348623 client loop enter
1689703804.348942 peer 0x128008000 message 303
1689703804.348970 open write file 2 -
1689703804.349005 sending message 305 to peer 0x128008000 (8 bytes)
1689703804.349021 write check file 2
1689703804.349085 peer 0x128008000 message 304
1689703804.349097 write 58 to file 2
1689703804.349110 peer 0x128008000 message 203
1689703804.349114 file 2 58 bytes left
1689703804.349129 write check file 2
1689703804.349134 client loop exit
